<?xml version="1.0" encoding="UTF-8"?>
<testsuite name="JsonDatabaseTest" tests="1" skipped="0" failures="0" errors="0" timestamp="2020-11-16T17:05:25" hostname="MacBook-Pro.local" time="0.585">
  <properties/>
  <testcase name="start" classname="JsonDatabaseTest" time="0.585"/>
  <system-out><![CDATA[?[1;31m
Start test 1?[0m
Server started!
Client started!
Give me a record # 12
Received: Sent: Give me a record # 12
Sent: A record # 12 was sent!
Received: A record # 12 was sent!
]]></system-out>
  <system-err><![CDATA[]]></system-err>
</testsuite>
